CDs/app/build/intermediates/manifest_merge_blame_file/debug/manifest-merger-blame-debug-report.txt
1<?xml version="1.0" encoding="utf-8"?>
2<manifest xmlns:android="http://schemas.android.com/apk/res/android"
3    package="com.example.kpizani.cds"
4    android:versionCode="1"
5    android:versionName="1.0" >
6
7    <uses-sdk
8        android:minSdkVersion="23"
8-->src\main\AndroidManifest.xml
9        android:targetSdkVersion="33" />
9-->src\main\AndroidManifest.xml
10
11    <permission
11-->[androidx.core:core:1.9.0] AndroidManifest.xml:22:5-24:47
12        android:name="com.example.kpizani.cds.DYNAMIC_RECEIVER_NOT_EXPORTED_PERMISSION"
12-->[androidx.core:core:1.9.0] AndroidManifest.xml:23:9-81
13        android:protectionLevel="signature" />
13-->[androidx.core:core:1.9.0] AndroidManifest.xml:24:9-44
14
15    <uses-permission android:name="com.example.kpizani.cds.DYNAMIC_RECEIVER_NOT_EXPORTED_PERMISSION" />
15-->[androidx.core:core:1.9.0] AndroidManifest.xml:26:5-97
15-->[androidx.core:core:1.9.0] AndroidManifest.xml:26:22-94
16
17    <application
17-->src\main\AndroidManifest.xml:5:5-24:19
18        android:allowBackup="true"
18-->src\main\AndroidManifest.xml:6:9-35
19        android:appComponentFactory="androidx.core.app.CoreComponentFactory"
19-->[androidx.core:core:1.9.0] AndroidManifest.xml:28:18-86
20        android:debuggable="true"
21        android:extractNativeLibs="false"
22        android:icon="@mipmap/me"
22-->src\main\AndroidManifest.xml:7:9-34
23        android:label="@string/app_name"
23-->src\main\AndroidManifest.xml:8:9-41
24        android:supportsRtl="true"
24-->src\main\AndroidManifest.xml:9:9-35
25        android:theme="@style/AppTheme" >
25-->src\main\AndroidManifest.xml:10:9-40
26        <activity android:name="com.example.kpizani.cds.MainActivity" >
26-->src\main\AndroidManifest.xml:11:9-17:20
26-->src\main\AndroidManifest.xml:11:19-47
27            <intent-filter>
27-->src\main\AndroidManifest.xml:12:13-16:29
28                <action android:name="android.intent.action.MAIN" />
28-->src\main\AndroidManifest.xml:13:17-69
28-->src\main\AndroidManifest.xml:13:25-66
29
30                <category android:name="android.intent.category.LAUNCHER" />
30-->src\main\AndroidManifest.xml:15:17-77
30-->src\main\AndroidManifest.xml:15:27-74
31            </intent-filter>
32        </activity>
33        <activity android:name="com.example.kpizani.cds.InsertCD" />
33-->src\main\AndroidManifest.xml:18:9-46
33-->src\main\AndroidManifest.xml:18:19-43
34        <activity android:name="com.example.kpizani.cds.Songs" />
34-->src\main\AndroidManifest.xml:19:9-43
34-->src\main\AndroidManifest.xml:19:19-40
35        <activity android:name="com.example.kpizani.cds.Delete" />
35-->src\main\AndroidManifest.xml:20:9-44
35-->src\main\AndroidManifest.xml:20:19-41
36        <activity android:name="com.example.kpizani.cds.Edit" />
36-->src\main\AndroidManifest.xml:21:9-42
36-->src\main\AndroidManifest.xml:21:19-39
37        <activity android:name="com.example.kpizani.cds.InsertSong" />
37-->src\main\AndroidManifest.xml:22:9-48
37-->src\main\AndroidManifest.xml:22:19-45
38        <activity android:name="com.example.kpizani.cds.SongDelete" />
38-->src\main\AndroidManifest.xml:23:9-57
38-->src\main\AndroidManifest.xml:23:19-45
39
40        <provider
40-->[androidx.emoji2:emoji2:1.2.0] AndroidManifest.xml:24:9-32:20
41            android:name="androidx.startup.InitializationProvider"
41-->[androidx.emoji2:emoji2:1.2.0] AndroidManifest.xml:25:13-67
42            android:authorities="com.example.kpizani.cds.androidx-startup"
42-->[androidx.emoji2:emoji2:1.2.0] AndroidManifest.xml:26:13-68
43            android:exported="false" >
43-->[androidx.emoji2:emoji2:1.2.0] AndroidManifest.xml:27:13-37
44            <meta-data
44-->[androidx.emoji2:emoji2:1.2.0] AndroidManifest.xml:29:13-31:52
45                android:name="androidx.emoji2.text.EmojiCompatInitializer"
45-->[androidx.emoji2:emoji2:1.2.0] AndroidManifest.xml:30:17-75
46                android:value="androidx.startup" />
46-->[androidx.emoji2:emoji2:1.2.0] AndroidManifest.xml:31:17-49
47            <meta-data
47-->[androidx.lifecycle:lifecycle-process:2.4.1] AndroidManifest.xml:31:13-33:52
48                android:name="androidx.lifecycle.ProcessLifecycleInitializer"
48-->[androidx.lifecycle:lifecycle-process:2.4.1] AndroidManifest.xml:32:17-78
49                android:value="androidx.startup" />
49-->[androidx.lifecycle:lifecycle-process:2.4.1] AndroidManifest.xml:33:17-49
50        </provider>
51    </application>
52
53</manifest>